Use make V=1 or set BUILD_VERBOSE in your environment to increase build verbosity.
mkdir -p build-STM32F3DISC/genhdr
GEN build-STM32F3DISC/genhdr/pins.h
GEN stmconst build-STM32F3DISC/modstm_qstr.h
GEN build-STM32F3DISC/genhdr/pybcdc.inf
GEN build-STM32F3DISC/genhdr/pybcdc_inf.h
GEN build-STM32F3DISC/genhdr/pllfreqtable.h
GEN build-STM32F3DISC/genhdr/mpversion.h
GEN build-STM32F3DISC/genhdr/qstr.i.last
GEN build-STM32F3DISC/genhdr/qstr.split
GEN build-STM32F3DISC/genhdr/qstrdefs.collected.h
QSTR updated
GEN build-STM32F3DISC/genhdr/qstrdefs.generated.h
mkdir -p build-STM32F3DISC/boards/
mkdir -p build-STM32F3DISC/build-STM32F3DISC/
mkdir -p build-STM32F3DISC/drivers/bus/
mkdir -p build-STM32F3DISC/drivers/dht/
mkdir -p build-STM32F3DISC/drivers/memory/
mkdir -p build-STM32F3DISC/extmod/
mkdir -p build-STM32F3DISC/lib/embed/
mkdir -p build-STM32F3DISC/lib/libc/
mkdir -p build-STM32F3DISC/lib/libm/
mkdir -p build-STM32F3DISC/lib/lwip/src/core/
mkdir -p build-STM32F3DISC/lib/lwip/src/core/ipv4/
mkdir -p build-STM32F3DISC/lib/lwip/src/core/ipv6/
mkdir -p build-STM32F3DISC/lib/lwip/src/netif/
mkdir -p build-STM32F3DISC/lib/mp-readline/
mkdir -p build-STM32F3DISC/lib/netutils/
mkdir -p build-STM32F3DISC/lib/oofatfs/
mkdir -p build-STM32F3DISC/lib/oofatfs/option/
mkdir -p build-STM32F3DISC/lib/stm32lib/STM32F3xx_HAL_Driver/Src/
mkdir -p build-STM32F3DISC/lib/timeutils/
mkdir -p build-STM32F3DISC/lib/utils/
mkdir -p build-STM32F3DISC/py/
mkdir -p build-STM32F3DISC/usbdev/class/src/
mkdir -p build-STM32F3DISC/usbdev/core/src/
CC ../../py/mpstate.c
CC ../../py/nlr.c
CC ../../py/nlrx86.c
CC ../../py/nlrx64.c
CC ../../py/nlrthumb.c
CC ../../py/nlrxtensa.c
CC ../../py/nlrsetjmp.c
CC ../../py/malloc.c
CC ../../py/gc.c
CC ../../py/pystack.c
CC ../../py/qstr.c
CC ../../py/vstr.c
CC ../../py/mpprint.c
CC ../../py/unicode.c
CC ../../py/mpz.c
CC ../../py/reader.c
CC ../../py/lexer.c
CC ../../py/parse.c
CC ../../py/scope.c
CC ../../py/compile.c
CC ../../py/emitcommon.c
CC ../../py/emitbc.c
CC ../../py/asmbase.c
CC ../../py/asmx64.c
CC ../../py/emitnx64.c
CC ../../py/asmx86.c
CC ../../py/emitnx86.c
CC ../../py/asmthumb.c
CC ../../py/emitnthumb.c
CC ../../py/emitinlinethumb.c
CC ../../py/asmarm.c
CC ../../py/emitnarm.c
CC ../../py/asmxtensa.c
CC ../../py/emitnxtensa.c
CC ../../py/emitinlinextensa.c
CC ../../py/formatfloat.c
CC ../../py/parsenumbase.c
CC ../../py/parsenum.c
CC ../../py/emitglue.c
CC ../../py/persistentcode.c
CC ../../py/runtime.c
CC ../../py/runtime_utils.c
CC ../../py/scheduler.c
CC ../../py/nativeglue.c
CC ../../py/stackctrl.c
CC ../../py/argcheck.c
CC ../../py/warning.c
CC ../../py/map.c
CC ../../py/obj.c
CC ../../py/objarray.c
CC ../../py/objattrtuple.c
CC ../../py/objbool.c
CC ../../py/objboundmeth.c
CC ../../py/objcell.c
CC ../../py/objclosure.c
CC ../../py/objcomplex.c
CC ../../py/objdeque.c
CC ../../py/objdict.c
CC ../../py/objenumerate.c
CC ../../py/objexcept.c
CC ../../py/objfilter.c
CC ../../py/objfloat.c
CC ../../py/objfun.c
CC ../../py/objgenerator.c
CC ../../py/objgetitemiter.c
CC ../../py/objint.c
CC ../../py/objint_longlong.c
CC ../../py/objint_mpz.c
CC ../../py/objlist.c
CC ../../py/objmap.c
CC ../../py/objmodule.c
CC ../../py/objobject.c
CC ../../py/objpolyiter.c
CC ../../py/objproperty.c
CC ../../py/objnone.c
CC ../../py/objnamedtuple.c
CC ../../py/objrange.c
CC ../../py/objreversed.c
CC ../../py/objset.c
CC ../../py/objsingleton.c
CC ../../py/objslice.c
CC ../../py/objstr.c
CC ../../py/objstrunicode.c
CC ../../py/objstringio.c
CC ../../py/objtuple.c
CC ../../py/objtype.c
CC ../../py/objzip.c
CC ../../py/opmethods.c
CC ../../py/sequence.c
CC ../../py/stream.c
CC ../../py/binary.c
CC ../../py/builtinimport.c
CC ../../py/builtinevex.c
CC ../../py/builtinhelp.c
CC ../../py/modarray.c
CC ../../py/modbuiltins.c
CC ../../py/modcollections.c
CC ../../py/modgc.c
CC ../../py/modio.c
CC ../../py/modmath.c
CC ../../py/modcmath.c
CC ../../py/modmicropython.c
CC ../../py/modstruct.c
CC ../../py/modsys.c
CC ../../py/moduerrno.c
CC ../../py/modthread.c
CC ../../py/vm.c
CC ../../py/bc.c
CC ../../py/showbc.c
CC ../../py/repl.c
CC ../../py/smallint.c
CC ../../py/frozenmod.c
CC ../../extmod/moductypes.c
CC ../../extmod/modujson.c
CC ../../extmod/modure.c
CC ../../extmod/moduzlib.c
CC ../../extmod/moduheapq.c
CC ../../extmod/modutimeq.c
CC ../../extmod/moduhashlib.c
CC ../../extmod/moducryptolib.c
CC ../../extmod/modubinascii.c
CC ../../extmod/virtpin.c
CC ../../extmod/machine_mem.c
CC ../../extmod/machine_pinbase.c
CC ../../extmod/machine_signal.c
CC ../../extmod/machine_pulse.c
CC ../../extmod/machine_i2c.c
CC ../../extmod/machine_spi.c
CC ../../extmod/modussl_axtls.c
CC ../../extmod/modussl_mbedtls.c
CC ../../extmod/modurandom.c
CC ../../extmod/moduselect.c
CC ../../extmod/modwebsocket.c
CC ../../extmod/modwebrepl.c
CC ../../extmod/modframebuf.c
CC ../../extmod/vfs.c
CC ../../extmod/vfs_reader.c
CC ../../extmod/vfs_posix.c
CC ../../extmod/vfs_posix_file.c
CC ../../extmod/vfs_fat.c
CC ../../extmod/vfs_fat_diskio.c
CC ../../extmod/vfs_fat_file.c
CC ../../extmod/utime_mphal.c
CC ../../extmod/uos_dupterm.c
CC ../../lib/embed/abort_.c
CC ../../lib/utils/printf.c
MPY modules/onewire.py
MPY modules/lcd160cr.py
MPY modules/dht.py
MPY modules/lcd160cr_test.py
GEN build-STM32F3DISC/frozen_mpy.c
CC build-STM32F3DISC/frozen_mpy.c
CC ../../lib/libc/string0.c
CC ../../lib/oofatfs/ff.c
CC ../../lib/oofatfs/option/unicode.c
CC ../../lib/mp-readline/readline.c
CC ../../lib/netutils/netutils.c
CC ../../lib/timeutils/timeutils.c
CC ../../lib/utils/pyexec.c
CC ../../lib/utils/interrupt_char.c
CC ../../lib/utils/sys_stdio_mphal.c
CC ../../lib/utils/mpirq.c
CC ../../lib/libm/math.c
CC ../../lib/libm/acoshf.c
CC ../../lib/libm/asinfacosf.c
CC ../../lib/libm/asinhf.c
CC ../../lib/libm/atan2f.c
CC ../../lib/libm/atanf.c
CC ../../lib/libm/atanhf.c
CC ../../lib/libm/ef_rem_pio2.c
CC ../../lib/libm/erf_lgamma.c
CC ../../lib/libm/fmodf.c
CC ../../lib/libm/kf_cos.c
CC ../../lib/libm/kf_rem_pio2.c
CC ../../lib/libm/kf_sin.c
CC ../../lib/libm/kf_tan.c
CC ../../lib/libm/log1pf.c
CC ../../lib/libm/nearbyintf.c
CC ../../lib/libm/sf_cos.c
CC ../../lib/libm/sf_erf.c
CC ../../lib/libm/sf_frexp.c
CC ../../lib/libm/sf_ldexp.c
CC ../../lib/libm/sf_modf.c
CC ../../lib/libm/sf_sin.c
CC ../../lib/libm/sf_tan.c
CC ../../lib/libm/wf_lgamma.c
CC ../../lib/libm/wf_tgamma.c
CC ../../lib/libm/thumb_vfp_sqrtf.c
CC ../../extmod/modlwip.c
CC ../../extmod/modonewire.c
CC ../../drivers/bus/softspi.c
CC ../../drivers/bus/softqspi.c
CC ../../drivers/memory/spiflash.c
CC ../../drivers/dht/dht.c
CC main.c
CC stm32_it.c
CC usbd_conf.c
CC usbd_desc.c
CC usbd_cdc_interface.c
CC usbd_hid_interface.c
CC usbd_msc_storage.c
CC mphalport.c
CC mpthreadport.c
CC irq.c
CC pendsv.c
CC systick.c
CC powerctrl.c
CC pybthread.c
CC timer.c
CC led.c
CC pin.c
CC pin_defs_stm32.c
CC pin_named_pins.c
CC bufhelper.c
CC dma.c
../../py/mkrules.mk:47: recipe for target 'build-STM32F3DISC/dma.o' failed
